TN:
SF:src/App.jsx
FN:73,(anonymous_0)
FN:79,(anonymous_1)
FN:91,(anonymous_2)
FN:107,(anonymous_3)
FN:112,(anonymous_4)
FN:115,(anonymous_5)
FN:118,(anonymous_6)
FN:119,(anonymous_7)
FN:129,(anonymous_8)
FN:151,(anonymous_9)
FN:156,(anonymous_10)
FN:164,(anonymous_11)
FN:167,(anonymous_12)
FN:175,(anonymous_13)
FN:178,(anonymous_14)
FN:182,(anonymous_15)
FN:190,(anonymous_16)
FN:193,(anonymous_17)
FN:199,(anonymous_18)
FN:200,(anonymous_19)
FNF:20
FNH:0
FNDA:0,(anonymous_0)
FNDA:0,(anonymous_1)
FNDA:0,(anonymous_2)
FNDA:0,(anonymous_3)
FNDA:0,(anonymous_4)
FNDA:0,(anonymous_5)
FNDA:0,(anonymous_6)
FNDA:0,(anonymous_7)
FNDA:0,(anonymous_8)
FNDA:0,(anonymous_9)
FNDA:0,(anonymous_10)
FNDA:0,(anonymous_11)
FNDA:0,(anonymous_12)
FNDA:0,(anonymous_13)
FNDA:0,(anonymous_14)
FNDA:0,(anonymous_15)
FNDA:0,(anonymous_16)
FNDA:0,(anonymous_17)
FNDA:0,(anonymous_18)
FNDA:0,(anonymous_19)
DA:18,0
DA:73,0
DA:74,0
DA:75,0
DA:76,0
DA:79,0
DA:80,0
DA:81,0
DA:91,0
DA:107,0
DA:112,0
DA:113,0
DA:114,0
DA:115,0
DA:116,0
DA:118,0
DA:119,0
DA:120,0
DA:121,0
DA:124,0
DA:126,0
DA:129,0
DA:151,0
DA:156,0
DA:164,0
DA:165,0
DA:167,0
DA:168,0
DA:169,0
DA:172,0
DA:175,0
DA:176,0
DA:177,0
DA:178,0
DA:180,0
DA:182,0
DA:183,0
DA:184,0
DA:187,0
DA:190,0
DA:191,0
DA:193,0
DA:194,0
DA:195,0
DA:196,0
DA:199,0
DA:200,0
DA:201,0
DA:209,0
DA:212,0
LF:50
LH:0
BRDA:76,0,0,0
BRDA:76,0,1,0
BRDA:76,0,2,0
BRDA:124,1,0,0
BRDA:124,1,1,0
BRDA:180,2,0,0
BRDA:180,2,1,0
BRDA:201,3,0,0
BRDA:201,3,1,0
BRF:9
BRH:0
end_of_record
TN:
SF:src/main.jsx
FNF:0
FNH:0
DA:6,0
LF:1
LH:0
BRF:0
BRH:0
end_of_record
TN:
SF:src/components/BlogPostDetail/BlogPostDetail.jsx
FN:4,(anonymous_0)
FNF:1
FNH:1
FNDA:4,(anonymous_0)
DA:4,1
DA:5,4
DA:6,1
DA:9,3
DA:17,3
LF:5
LH:5
BRDA:5,0,0,1
BRDA:5,0,1,3
BRDA:5,1,0,4
BRDA:5,1,1,3
BRDA:5,1,2,3
BRDA:5,1,3,3
BRF:6
BRH:6
end_of_record
TN:
SF:src/components/BlogPostForm/BlogPostForm.jsx
FN:10,(anonymous_0)
FN:19,(anonymous_1)
FN:28,(anonymous_2)
FN:59,(anonymous_3)
FN:97,(anonymous_4)
FN:112,(anonymous_5)
FNF:6
FNH:6
FNDA:39,(anonymous_0)
FNDA:6,(anonymous_1)
FNDA:6,(anonymous_2)
FNDA:5,(anonymous_3)
FNDA:5,(anonymous_4)
FNDA:5,(anonymous_5)
DA:10,1
DA:11,39
DA:12,39
DA:13,39
DA:14,39
DA:15,39
DA:16,39
DA:17,39
DA:19,39
DA:20,6
DA:21,6
DA:22,6
DA:23,6
DA:24,6
DA:25,6
DA:28,39
DA:29,6
DA:30,6
DA:32,6
DA:33,1
DA:34,1
DA:36,5
DA:37,5
DA:38,5
DA:39,5
DA:41,5
DA:42,4
DA:43,4
DA:44,4
DA:45,4
DA:46,4
DA:51,39
DA:59,5
DA:97,5
DA:112,5
LF:35
LH:35
BRDA:10,0,0,17
BRDA:11,1,0,39
BRDA:11,1,1,31
BRDA:12,2,0,39
BRDA:12,2,1,31
BRDA:13,3,0,39
BRDA:13,3,1,31
BRDA:14,4,0,39
BRDA:14,4,1,31
BRDA:21,5,0,1
BRDA:21,5,1,5
BRDA:22,6,0,1
BRDA:22,6,1,5
BRDA:23,7,0,1
BRDA:23,7,1,5
BRDA:24,8,0,1
BRDA:24,8,1,5
BRDA:32,9,0,1
BRDA:32,9,1,5
BRDA:41,10,0,4
BRDA:41,10,1,1
BRDA:41,11,0,5
BRDA:41,11,1,4
BRDA:62,12,0,39
BRDA:62,12,1,1
BRDA:85,13,0,39
BRDA:85,13,1,1
BRDA:100,14,0,39
BRDA:100,14,1,1
BRDA:111,15,0,16
BRDA:111,15,1,23
BRDA:117,16,0,39
BRDA:117,16,1,1
BRDA:125,17,0,5
BRDA:125,17,1,34
BRDA:127,18,0,7
BRDA:127,18,1,27
BRDA:132,19,0,39
BRDA:132,19,1,5
BRF:39
BRH:39
end_of_record
TN:
SF:src/components/BlogPostItem/BlogPostItem.jsx
FN:4,(anonymous_0)
FN:15,(anonymous_1)
FNF:2
FNH:2
FNDA:11,(anonymous_0)
FNDA:3,(anonymous_1)
DA:4,2
DA:5,11
DA:11,11
DA:15,3
LF:4
LH:4
BRDA:15,0,0,3
BRDA:15,0,1,2
BRF:2
BRH:2
end_of_record
TN:
SF:src/components/BlogPostList/BlogPostList.jsx
FN:5,(anonymous_0)
FN:12,(anonymous_1)
FNF:2
FNH:2
FNDA:4,(anonymous_0)
FNDA:6,(anonymous_1)
DA:5,1
DA:6,4
DA:7,1
DA:10,3
DA:13,6
LF:5
LH:5
BRDA:6,0,0,1
BRDA:6,0,1,3
BRDA:6,1,0,4
BRDA:6,1,1,4
BRF:4
BRH:4
end_of_record
TN:
SF:src/components/ConfirmationDialog/ConfirmationDialog.jsx
FN:4,(anonymous_0)
FN:7,(anonymous_1)
FN:24,(anonymous_2)
FNF:3
FNH:3
FNDA:6,(anonymous_0)
FNDA:6,(anonymous_1)
FNDA:2,(anonymous_2)
DA:4,1
DA:5,6
DA:7,6
DA:8,6
DA:9,5
DA:13,6
DA:15,5
DA:24,2
LF:8
LH:8
BRDA:8,0,0,5
BRDA:8,0,1,1
BRDA:13,1,0,1
BRDA:13,1,1,5
BRF:4
BRH:4
end_of_record
TN:
SF:src/components/DeleteButton/DeleteButton.jsx
FN:4,(anonymous_0)
FNF:1
FNH:1
FNDA:3,(anonymous_0)
DA:4,1
DA:5,3
LF:2
LH:2
BRF:0
BRH:0
end_of_record
TN:
SF:src/components/Layout/Layout.jsx
FN:7,(anonymous_0)
FNF:1
FNH:1
FNDA:3,(anonymous_0)
DA:7,1
DA:9,3
LF:2
LH:2
BRF:0
BRH:0
end_of_record
TN:
SF:src/components/NavBar/NavBar.jsx
FN:5,(anonymous_0)
FN:7,(anonymous_1)
FNF:2
FNH:0
FNDA:0,(anonymous_0)
FNDA:0,(anonymous_1)
DA:5,0
DA:6,0
DA:7,0
DA:8,0
DA:11,0
LF:5
LH:0
BRDA:27,0,0,0
BRDA:27,0,1,0
BRDA:31,1,0,0
BRDA:31,1,1,0
BRF:4
BRH:0
end_of_record
